Added Component: Designator=C1(FP_0805_CAP_085)
Add component (AddParameter): Name = "Name"; Value = ""; VariantName = "[No Variations]"
Add component (AddParameter): Name = "Reference"; Value = ""; VariantName = "[No Variations]"
Add component (AddParameter): Name = "Supplier"; Value = ""; VariantName = "[No Variations]"
Add component (AddParameter): Name = "Tolerance"; Value = ""; VariantName = "[No Variations]"
Add component (AddParameter): Name = "Value"; Value = "100nF"; VariantName = "[No Variations]"
Add component (AddParameter): Name = "Voltage"; Value = ""; VariantName = "[No Variations]"
Added Component: Designator=C2(FP_0805_CAP_085)
Add component (AddParameter): Name = "Name"; Value = ""; VariantName = "[No Variations]"
Add component (AddParameter): Name = "Reference"; Value = ""; VariantName = "[No Variations]"
Add component (AddParameter): Name = "Supplier"; Value = ""; VariantName = "[No Variations]"
Add component (AddParameter): Name = "Tolerance"; Value = ""; VariantName = "[No Variations]"
Add component (AddParameter): Name = "Value"; Value = "100nF"; VariantName = "[No Variations]"
Add component (AddParameter): Name = "Voltage"; Value = ""; VariantName = "[No Variations]"
Added Component: Designator=D1(FP_SMA)
Add component (AddParameter): Name = "Name"; Value = ""; VariantName = "[No Variations]"
Add component (AddParameter): Name = "Reference"; Value = ""; VariantName = "[No Variations]"
Add component (AddParameter): Name = "Supplier"; Value = ""; VariantName = "[No Variations]"
Add component (AddParameter): Name = "U_Z"; Value = "24"; VariantName = "[No Variations]"
Added Component: Designator=F1(FP_MULTIFUSE)
Add component (AddParameter): Name = "Name"; Value = ""; VariantName = "[No Variations]"
Add component (AddParameter): Name = "Reference"; Value = ""; VariantName = "[No Variations]"
Add component (AddParameter): Name = "Supplier"; Value = ""; VariantName = "[No Variations]"
Added Component: Designator=J1(FP_DC_TAP_ANYA)
Add component (AddParameter): Name = "Name"; Value = "TÁP DC ANYA 5.5/2.1/9.5mm DCS-5521-5"; VariantName = "[No Variations]"
Add component (AddParameter): Name = "Reference"; Value = "43-07-67"; VariantName = "[No Variations]"
Add component (AddParameter): Name = "Supplier"; Value = "Lomex"; VariantName = "[No Variations]"
Added Component: Designator=POT?(potentiometer)
Add component (AddParameter): Name = "Name"; Value = ""; VariantName = "[No Variations]"
Add component (AddParameter): Name = "Power"; Value = ""; VariantName = "[No Variations]"
Add component (AddParameter): Name = "Reference"; Value = ""; VariantName = "[No Variations]"
Add component (AddParameter): Name = "Supplier"; Value = ""; VariantName = "[No Variations]"
Add component (AddParameter): Name = "Tolerance"; Value = ""; VariantName = "[No Variations]"
Add component (AddParameter): Name = "Value"; Value = "10K"; VariantName = "[No Variations]"
Added Component: Designator=Q1(FP_SOT23-3)
Add component (AddParameter): Name = "Name"; Value = ""; VariantName = "[No Variations]"
Add component (AddParameter): Name = "Reference"; Value = ""; VariantName = "[No Variations]"
Add component (AddParameter): Name = "Supplier"; Value = ""; VariantName = "[No Variations]"
Added Component: Designator=R1(FP_0805_RES)
Add component (AddParameter): Name = "Name"; Value = ""; VariantName = "[No Variations]"
Add component (AddParameter): Name = "Power"; Value = ""; VariantName = "[No Variations]"
Add component (AddParameter): Name = "Reference"; Value = ""; VariantName = "[No Variations]"
Add component (AddParameter): Name = "Supplier"; Value = ""; VariantName = "[No Variations]"
Add component (AddParameter): Name = "Tolerance"; Value = ""; VariantName = "[No Variations]"
Add component (AddParameter): Name = "Value"; Value = "100k"; VariantName = "[No Variations]"
Added Component: Designator=R2(FP_0805_RES)
Add component (AddParameter): Name = "Name"; Value = ""; VariantName = "[No Variations]"
Add component (AddParameter): Name = "Power"; Value = ""; VariantName = "[No Variations]"
Add component (AddParameter): Name = "Reference"; Value = ""; VariantName = "[No Variations]"
Add component (AddParameter): Name = "Supplier"; Value = ""; VariantName = "[No Variations]"
Add component (AddParameter): Name = "Tolerance"; Value = ""; VariantName = "[No Variations]"
Add component (AddParameter): Name = "Value"; Value = "1K"; VariantName = "[No Variations]"
Added Component: Designator=R3(FP_0805_RES)
Add component (AddParameter): Name = "Name"; Value = ""; VariantName = "[No Variations]"
Add component (AddParameter): Name = "Power"; Value = ""; VariantName = "[No Variations]"
Add component (AddParameter): Name = "Reference"; Value = ""; VariantName = "[No Variations]"
Add component (AddParameter): Name = "Supplier"; Value = ""; VariantName = "[No Variations]"
Add component (AddParameter): Name = "Tolerance"; Value = ""; VariantName = "[No Variations]"
Add component (AddParameter): Name = "Value"; Value = "10k"; VariantName = "[No Variations]"
Added Component: Designator=R5(FP_0805_RES)
Add component (AddParameter): Name = "Name"; Value = ""; VariantName = "[No Variations]"
Add component (AddParameter): Name = "Power"; Value = ""; VariantName = "[No Variations]"
Add component (AddParameter): Name = "Reference"; Value = ""; VariantName = "[No Variations]"
Add component (AddParameter): Name = "Supplier"; Value = ""; VariantName = "[No Variations]"
Add component (AddParameter): Name = "Tolerance"; Value = ""; VariantName = "[No Variations]"
Add component (AddParameter): Name = "Value"; Value = "100"; VariantName = "[No Variations]"
Added Component: Designator=U2(SO-20)
Add component (AddParameter): Name = "Name"; Value = ""; VariantName = "[No Variations]"
Add component (AddParameter): Name = "Reference"; Value = ""; VariantName = "[No Variations]"
Add component (AddParameter): Name = "Supplier"; Value = ""; VariantName = "[No Variations]"
Added Component: Designator=U3(SO-20)
Add component (AddParameter): Name = "Name"; Value = ""; VariantName = "[No Variations]"
Add component (AddParameter): Name = "Reference"; Value = ""; VariantName = "[No Variations]"
Add component (AddParameter): Name = "Supplier"; Value = ""; VariantName = "[No Variations]"
Added Component: Designator=U4(FP_LCD)
Added Component: Designator=U5(FP_DIL24)
Add component (AddParameter): Name = "Name"; Value = "MKI160V1 LSM6DS3 inertial module adapter"; VariantName = "[No Variations]"
Add component (AddParameter): Name = "Reference"; Value = "511-STEVAL-MKI160V1"; VariantName = "[No Variations]"
Add component (AddParameter): Name = "Supplier"; Value = "Mouser"; VariantName = "[No Variations]"
Added Pin To Net: NetName=3V3 Pin=U1-16
Added Pin To Net: NetName=3V3 Pin=U5-1
Added Pin To Net: NetName=3V3 Pin=U5-2
Added Net: Name=3V3
Added Pin To Net: NetName=CS1 Pin=U2-18
Added Pin To Net: NetName=CS1 Pin=U4-12
Added Net: Name=CS1
Added Pin To Net: NetName=CS2 Pin=U2-16
Added Pin To Net: NetName=CS2 Pin=U4-13
Added Net: Name=CS2
Added Pin To Net: NetName=DB0 Pin=U3-18
Added Pin To Net: NetName=DB0 Pin=U4-4
Added Net: Name=DB0
Added Pin To Net: NetName=DB1 Pin=U3-16
Added Pin To Net: NetName=DB1 Pin=U4-5
Added Net: Name=DB1
Added Pin To Net: NetName=DB2 Pin=U3-14
Added Pin To Net: NetName=DB2 Pin=U4-6
Added Net: Name=DB2
Added Pin To Net: NetName=DB3 Pin=U3-12
Added Pin To Net: NetName=DB3 Pin=U4-7
Added Net: Name=DB3
Added Pin To Net: NetName=DB4 Pin=U3-3
Added Pin To Net: NetName=DB4 Pin=U4-8
Added Net: Name=DB4
Added Pin To Net: NetName=DB5 Pin=U3-5
Added Pin To Net: NetName=DB5 Pin=U4-9
Added Net: Name=DB5
Added Pin To Net: NetName=DB6 Pin=U3-7
Added Pin To Net: NetName=DB6 Pin=U4-10
Added Net: Name=DB6
Added Pin To Net: NetName=DB7 Pin=U3-9
Added Pin To Net: NetName=DB7 Pin=U4-11
Added Net: Name=DB7
Added Pin To Net: NetName=DI Pin=U2-12
Added Pin To Net: NetName=DI Pin=U4-16
Added Net: Name=DI
Added Pin To Net: NetName=E Pin=U2-14
Added Pin To Net: NetName=E Pin=U4-17
Added Net: Name=E
Added Pin To Net: NetName=GNDIC1 Pin=C1-1
Added Pin To Net: NetName=GNDIC1 Pin=C2-1
Added Pin To Net: NetName=GNDIC1 Pin=D1-1
Added Pin To Net: NetName=GNDIC1 Pin=J1-2
Added Pin To Net: NetName=GNDIC1 Pin=J1-3
Added Pin To Net: NetName=GNDIC1 Pin=POT?-1
Added Pin To Net: NetName=GNDIC1 Pin=R2-1
Added Pin To Net: NetName=GNDIC1 Pin=R3-1
Added Pin To Net: NetName=GNDIC1 Pin=U1-8
Added Pin To Net: NetName=GNDIC1 Pin=U1-19
Added Pin To Net: NetName=GNDIC1 Pin=U1-20
Added Pin To Net: NetName=GNDIC1 Pin=U1-22
Added Pin To Net: NetName=GNDIC1 Pin=U1-47
Added Pin To Net: NetName=GNDIC1 Pin=U1-58
Added Pin To Net: NetName=GNDIC1 Pin=U2-10
Added Pin To Net: NetName=GNDIC1 Pin=U2-11
Added Pin To Net: NetName=GNDIC1 Pin=U2-13
Added Pin To Net: NetName=GNDIC1 Pin=U3-10
Added Pin To Net: NetName=GNDIC1 Pin=U4-2
Added Pin To Net: NetName=GNDIC1 Pin=U5-4
Added Pin To Net: NetName=GNDIC1 Pin=U5-5
Added Pin To Net: NetName=GNDIC1 Pin=U5-13
Added Pin To Net: NetName=GNDIC1 Pin=Q1-2
Added Net: Name=GNDIC1
Added Pin To Net: NetName=NetF1_1 Pin=F1-1
Added Pin To Net: NetName=NetF1_1 Pin=J1-1
Added Net: Name=NetF1_1
Added Pin To Net: NetName=NetPOT?_2 Pin=POT?-2
Added Pin To Net: NetName=NetPOT?_2 Pin=U4-3
Added Net: Name=NetPOT?_2
Added Pin To Net: NetName=NetPOT?_3 Pin=POT?-3
Added Pin To Net: NetName=NetPOT?_3 Pin=U4-18
Added Net: Name=NetPOT?_3
Added Pin To Net: NetName=NetQ1_1 Pin=Q1-1
Added Pin To Net: NetName=NetQ1_1 Pin=R3-2
Added Pin To Net: NetName=NetQ1_1 Pin=R5-1
Added Net: Name=NetQ1_1
Added Pin To Net: NetName=NetQ1_2 Pin=U4-20
Added Pin To Net: NetName=NetQ1_2 Pin=Q1-3
Added Net: Name=NetQ1_2
Added Pin To Net: NetName=NetR1_1 Pin=R1-1
Added Pin To Net: NetName=NetR1_1 Pin=U1-62
Added Pin To Net: NetName=NetR1_1 Pin=U2-1
Added Pin To Net: NetName=NetR1_1 Pin=U2-19
Added Pin To Net: NetName=NetR1_1 Pin=U3-1
Added Pin To Net: NetName=NetR1_1 Pin=U3-19
Added Net: Name=NetR1_1
Added Pin To Net: NetName=NetR5_2 Pin=R5-2
Added Pin To Net: NetName=NetR5_2 Pin=U1-55
Added Net: Name=NetR5_2
Added Pin To Net: NetName=NetU1_21 Pin=U1-21
Added Pin To Net: NetName=NetU1_21 Pin=U2-2
Added Net: Name=NetU1_21
Added Pin To Net: NetName=NetU1_32 Pin=U1-32
Added Pin To Net: NetName=NetU1_32 Pin=U5-19
Added Net: Name=NetU1_32
Added Pin To Net: NetName=NetU1_34 Pin=U1-34
Added Pin To Net: NetName=NetU1_34 Pin=U2-15
Added Net: Name=NetU1_34
Added Pin To Net: NetName=NetU1_35 Pin=U1-35
Added Pin To Net: NetName=NetU1_35 Pin=U3-6
Added Net: Name=NetU1_35
Added Pin To Net: NetName=NetU1_36 Pin=U1-36
Added Pin To Net: NetName=NetU1_36 Pin=U3-4
Added Net: Name=NetU1_36
Added Pin To Net: NetName=NetU1_37 Pin=U1-37
Added Pin To Net: NetName=NetU1_37 Pin=U3-8
Added Net: Name=NetU1_37
Added Pin To Net: NetName=NetU1_38 Pin=U1-38
Added Pin To Net: NetName=NetU1_38 Pin=U3-2
Added Net: Name=NetU1_38
Added Pin To Net: NetName=NetU1_41 Pin=U1-41
Added Pin To Net: NetName=NetU1_41 Pin=U2-4
Added Net: Name=NetU1_41
Added Pin To Net: NetName=NetU1_42 Pin=U1-42
Added Pin To Net: NetName=NetU1_42 Pin=U3-13
Added Net: Name=NetU1_42
Added Pin To Net: NetName=NetU1_44 Pin=U1-44
Added Pin To Net: NetName=NetU1_44 Pin=U3-15
Added Net: Name=NetU1_44
Added Pin To Net: NetName=NetU1_49 Pin=U1-49
Added Pin To Net: NetName=NetU1_49 Pin=U5-20
Added Net: Name=NetU1_49
Added Pin To Net: NetName=NetU1_51 Pin=U1-51
Added Pin To Net: NetName=NetU1_51 Pin=U5-22
Added Net: Name=NetU1_51
Added Pin To Net: NetName=NetU1_53 Pin=U1-53
Added Pin To Net: NetName=NetU1_53 Pin=U5-21
Added Net: Name=NetU1_53
Added Pin To Net: NetName=NetU1_57 Pin=U1-57
Added Pin To Net: NetName=NetU1_57 Pin=U3-11
Added Net: Name=NetU1_57
Added Pin To Net: NetName=NetU1_60 Pin=U1-60
Added Pin To Net: NetName=NetU1_60 Pin=U2-17
Added Net: Name=NetU1_60
Added Pin To Net: NetName=NetU1_65 Pin=U1-65
Added Pin To Net: NetName=NetU1_65 Pin=U2-8
Added Net: Name=NetU1_65
Added Pin To Net: NetName=NetU1_67 Pin=U1-67
Added Pin To Net: NetName=NetU1_67 Pin=U2-6
Added Net: Name=NetU1_67
Added Pin To Net: NetName=NetU1_72 Pin=U1-72
Added Pin To Net: NetName=NetU1_72 Pin=U3-17
Added Net: Name=NetU1_72
Added Pin To Net: NetName=NetU2_7 Pin=U2-7
Added Pin To Net: NetName=NetU2_7 Pin=U4-15
Added Net: Name=NetU2_7
Added Pin To Net: NetName=RST Pin=R2-2
Added Pin To Net: NetName=RST Pin=U2-3
Added Pin To Net: NetName=RST Pin=U4-14
Added Net: Name=RST
Added Pin To Net: NetName=VCCIC1 Pin=C1-2
Added Pin To Net: NetName=VCCIC1 Pin=C2-2
Added Pin To Net: NetName=VCCIC1 Pin=D1-2
Added Pin To Net: NetName=VCCIC1 Pin=F1-2
Added Pin To Net: NetName=VCCIC1 Pin=R1-2
Added Pin To Net: NetName=VCCIC1 Pin=U1-6
Added Pin To Net: NetName=VCCIC1 Pin=U2-20
Added Pin To Net: NetName=VCCIC1 Pin=U3-20
Added Pin To Net: NetName=VCCIC1 Pin=U4-1
Added Pin To Net: NetName=VCCIC1 Pin=U4-19
Added Net: Name=VCCIC1
Added Class: Name=gyorsulasmero
Added Class: Name=kijelzo
Added Class: Name=DB[0..7]
Added Member To Class: ClassName=Nucleo Member=Component D1 6.7V
Added Member To Class: ClassName=Nucleo Member=Component F1 Fuse
Added Member To Class: ClassName=Nucleo Member=Component J1 2.xmm
